#
# There is insufficient memory for the Java Runtime Environment to continue.
# Native memory allocation (malloc) failed to allocate 32744 bytes for ChunkPool::allocate
# Possible reasons:
#   The system is out of physical RAM or swap space
#   The process is running with CompressedOops enabled, and the Java Heap may be blocking the growth of the native heap
# Possible solutions:
#   Reduce memory load on the system
#   Increase physical memory or swap space
#   Check if swap backing store is full
#   Decrease Java heap size (-Xmx/-Xms)
#   Decrease number of Java threads
#   Decrease Java thread stack sizes (-Xss)
#   Set larger code cache with -XX:ReservedCodeCacheSize=
#   JVM is running with Unscaled Compressed Oops mode in which the Java heap is
#     placed in the first 4GB address space. The Java Heap base address is the
#     maximum limit for the native heap growth. Please use -XX:HeapBaseMinAddress
#     to set the Java Heap base and to place the Java Heap above 4GB virtual address.
# This output file may be truncated or incomplete.
#
#  Out of Memory Error (arena.cpp:78), pid=11756, tid=14136
#
# JRE version: OpenJDK Runtime Environment (17.0.2+8) (build 17.0.2+8-86)
# Java VM: OpenJDK 64-Bit Server VM (17.0.2+8-86, mixed mode, sharing, tiered, compressed oops, compressed class ptrs, g1 gc, windows-amd64)
# No core dump will be written. Minidumps are not enabled by default on client versions of Windows
#

---------------  S U M M A R Y ------------

Command Line: -javaagent:C:\Program Files\JetBrains\IntelliJ IDEA Community Edition 2021.3.1\lib\idea_rt.jar=50557:C:\Program Files\JetBrains\IntelliJ IDEA Community Edition 2021.3.1\bin -Dfile.encoding=UTF-8 feature.FeatureApplication

Host: 11th Gen Intel(R) Core(TM) i5-11300H @ 3.10GHz, 8 cores, 7G,  Windows 10 , 64 bit Build 19041 (10.0.19041.3636)
Time: Sat Mar 30 08:46:57 2024 FLE Standard Time elapsed time: 312.407093 seconds (0d 0h 5m 12s)

---------------  T H R E A D  ---------------

Current thread (0x0000021978674e00):  JavaThread "C1 CompilerThread0" daemon [_thread_in_native, id=14136, stack(0x00000090a8c00000,0x00000090a8d00000)]


Current CompileTask:
C1: 312407 13758   !   3       org.apache.coyote.http11.Http11Processor::service (1251 bytes)

Stack: [0x00000090a8c00000,0x00000090a8d00000]
Native frames: (J=compiled Java code, j=interpreted, Vv=VM code, C=native code)
V  [jvm.dll+0x670baa]
V  [jvm.dll+0x7cfcb4]
V  [jvm.dll+0x7d145e]
V  [jvm.dll+0x7d1ac3]
V  [jvm.dll+0x242bc5]
V  [jvm.dll+0xaa7c0]
V  [jvm.dll+0xaab0c]
V  [jvm.dll+0x11a5b5]
V  [jvm.dll+0x1779cd]
V  [jvm.dll+0x1785c3]
V  [jvm.dll+0x132833]
V  [jvm.dll+0x13212f]
V  [jvm.dll+0x132366]
V  [jvm.dll+0x1317fa]
V  [jvm.dll+0x1334c1]
V  [jvm.dll+0x224908]
V  [jvm.dll+0x222a6c]
V  [jvm.dll+0x7859bb]
V  [jvm.dll+0x77ff7a]
V  [jvm.dll+0x66fa35]
C  [ucrtbase.dll+0x21bb2]
C  [KERNEL32.DLL+0x17344]
C  [ntdll.dll+0x526b1]


---------------  P R O C E S S  ---------------

Threads class SMR info:
_java_thread_list=0x000002197aa9c630, length=31, elements={
0x0000021978659e30, 0x000002197865c7f0, 0x0000021978671570, 0x0000021978671f20,
0x00000219786728d0, 0x0000021978673280, 0x0000021978673f60, 0x0000021978674e00,
0x00000219786757f0, 0x0000021979082240, 0x000002197923ec30, 0x00000219793fcf20,
0x000002197bc91070, 0x000002197ba47680, 0x000002197dd92610, 0x000002197c74ec80,
0x000002197e786cc0, 0x000002197e787190, 0x000002197e784640, 0x000002197e785980,
0x000002197e7867f0, 0x000002197e787660, 0x000002197e784b10, 0x000002197e784fe0,
0x000002197e787b30, 0x000002197e786320, 0x000002197e788000, 0x000002197e7854b0,
0x000002197e785e50, 0x000002197e1636e0, 0x000002197e15d6a0
}

Java Threads: ( => current thread )
  0x0000021978659e30 JavaThread "Reference Handler" daemon [_thread_blocked, id=8060, stack(0x00000090a8500000,0x00000090a8600000)]
  0x000002197865c7f0 JavaThread "Finalizer" daemon [_thread_blocked, id=8744, stack(0x00000090a8600000,0x00000090a8700000)]
  0x0000021978671570 JavaThread "Signal Dispatcher" daemon [_thread_blocked, id=11076, stack(0x00000090a8700000,0x00000090a8800000)]
  0x0000021978671f20 JavaThread "Attach Listener" daemon [_thread_blocked, id=14844, stack(0x00000090a8800000,0x00000090a8900000)]
  0x00000219786728d0 JavaThread "Service Thread" daemon [_thread_blocked, id=1396, stack(0x00000090a8900000,0x00000090a8a00000)]
  0x0000021978673280 JavaThread "Monitor Deflation Thread" daemon [_thread_blocked, id=1492, stack(0x00000090a8a00000,0x00000090a8b00000)]
  0x0000021978673f60 JavaThread "C2 CompilerThread0" daemon [_thread_in_native, id=6944, stack(0x00000090a8b00000,0x00000090a8c00000)]
=>0x0000021978674e00 JavaThread "C1 CompilerThread0" daemon [_thread_in_native, id=14136, stack(0x00000090a8c00000,0x00000090a8d00000)]
  0x00000219786757f0 JavaThread "Sweeper thread" daemon [_thread_blocked, id=2228, stack(0x00000090a8d00000,0x00000090a8e00000)]
  0x0000021979082240 JavaThread "Common-Cleaner" daemon [_thread_blocked, id=11716, stack(0x00000090a8e00000,0x00000090a8f00000)]
  0x000002197923ec30 JavaThread "Monitor Ctrl-Break" daemon [_thread_in_native, id=8384, stack(0x00000090a8f00000,0x00000090a9000000)]
  0x00000219793fcf20 JavaThread "Notification Thread" daemon [_thread_blocked, id=7908, stack(0x00000090a9000000,0x00000090a9100000)]
  0x000002197bc91070 JavaThread "mysql-cj-abandoned-connection-cleanup" daemon [_thread_blocked, id=11832, stack(0x00000090a9a00000,0x00000090a9b00000)]
  0x000002197ba47680 JavaThread "HikariPool-1 housekeeper" daemon [_thread_blocked, id=16744, stack(0x00000090a9c00000,0x00000090a9d00000)]
  0x000002197dd92610 JavaThread "Catalina-utility-1" [_thread_blocked, id=19400, stack(0x00000090a9e00000,0x00000090a9f00000)]
  0x000002197c74ec80 JavaThread "Catalina-utility-2" [_thread_blocked, id=2396, stack(0x00000090a9f00000,0x00000090aa000000)]
  0x000002197e786cc0 JavaThread "container-0" [_thread_blocked, id=18840, stack(0x00000090aa000000,0x00000090aa100000)]
  0x000002197e787190 JavaThread "http-nio-8080-exec-1" daemon [_thread_in_Java, id=10728, stack(0x00000090aa100000,0x00000090aa200000)]
  0x000002197e784640 JavaThread "http-nio-8080-exec-2" daemon [_thread_in_Java, id=5604, stack(0x00000090aa200000,0x00000090aa300000)]
  0x000002197e785980 JavaThread "http-nio-8080-exec-3" daemon [_thread_in_native, id=18996, stack(0x00000090aa300000,0x00000090aa400000)]
  0x000002197e7867f0 JavaThread "http-nio-8080-exec-4" daemon [_thread_blocked, id=12460, stack(0x00000090aa400000,0x00000090aa500000)]
  0x000002197e787660 JavaThread "http-nio-8080-exec-5" daemon [_thread_in_native, id=4136, stack(0x00000090aa500000,0x00000090aa600000)]
  0x000002197e784b10 JavaThread "http-nio-8080-exec-6" daemon [_thread_blocked, id=17448, stack(0x00000090aa600000,0x00000090aa700000)]
  0x000002197e784fe0 JavaThread "http-nio-8080-exec-7" daemon [_thread_in_native, id=12628, stack(0x00000090aa700000,0x00000090aa800000)]
  0x000002197e787b30 JavaThread "http-nio-8080-exec-8" daemon [_thread_in_native, id=4056, stack(0x00000090aa800000,0x00000090aa900000)]
  0x000002197e786320 JavaThread "http-nio-8080-exec-9" daemon [_thread_blocked, id=3164, stack(0x00000090aa900000,0x00000090aaa00000)]
  0x000002197e788000 JavaThread "http-nio-8080-exec-10" daemon [_thread_blocked, id=10260, stack(0x00000090aaa00000,0x00000090aab00000)]
  0x000002197e7854b0 JavaThread "http-nio-8080-Poller" daemon [_thread_in_native, id=11612, stack(0x00000090aab00000,0x00000090aac00000)]
  0x000002197e785e50 JavaThread "http-nio-8080-Acceptor" daemon [_thread_in_native, id=7984, stack(0x00000090aac00000,0x00000090aad00000)]
  0x000002197e1636e0 JavaThread "DestroyJavaVM" [_thread_blocked, id=9968, stack(0x00000090a7e00000,0x00000090a7f00000)]
  0x000002197e15d6a0 JavaThread "HikariPool-1 connection adder" daemon [_thread_blocked, id=13116, stack(0x00000090a7b00000,0x00000090a7c00000)]

Other Threads:
  0x0000021978653080 VMThread "VM Thread" [stack: 0x00000090a8400000,0x00000090a8500000] [id=6240]
  0x000002195a6fc910 WatcherThread [stack: 0x00000090a9100000,0x00000090a9200000] [id=15800]
  0x000002195a6e0ec0 GCTaskThread "GC Thread#0" [stack: 0x00000090a7f00000,0x00000090a8000000] [id=8156]
  0x0000021979a50140 GCTaskThread "GC Thread#1" [stack: 0x00000090a9200000,0x00000090a9300000] [id=16672]
  0x0000021979af9240 GCTaskThread "GC Thread#2" [stack: 0x00000090a9300000,0x00000090a9400000] [id=5632]
  0x0000021979a9cf60 GCTaskThread "GC Thread#3" [stack: 0x00000090a9400000,0x00000090a9500000] [id=13720]
  0x0000021979a9d210 GCTaskThread "GC Thread#4" [stack: 0x00000090a9500000,0x00000090a9600000] [id=9288]
  0x0000021979a9d4c0 GCTaskThread "GC Thread#5" [stack: 0x00000090a9600000,0x00000090a9700000] [id=16012]
  0x000002197a0eecd0 GCTaskThread "GC Thread#6" [stack: 0x00000090a9800000,0x00000090a9900000] [id=19036]
  0x0000021979f84fe0 GCTaskThread "GC Thread#7" [stack: 0x00000090a9900000,0x00000090a9a00000] [id=18364]
  0x000002195a6f1640 ConcurrentGCThread "G1 Main Marker" [stack: 0x00000090a8000000,0x00000090a8100000] [id=19164]
  0x000002195a6f1f50 ConcurrentGCThread "G1 Conc#0" [stack: 0x00000090a8100000,0x00000090a8200000] [id=14956]
  0x000002197a18e7b0 ConcurrentGCThread "G1 Conc#1" [stack: 0x00000090a9700000,0x00000090a9800000] [id=9356]
  0x0000021978510090 ConcurrentGCThread "G1 Refine#0" [stack: 0x00000090a8200000,0x00000090a8300000] [id=3408]
  0x000002197c748f40 ConcurrentGCThread "G1 Refine#1" [stack: 0x00000090a7c00000,0x00000090a7d00000] [id=7384]
  0x000002197c747e00 ConcurrentGCThread "G1 Refine#2" [stack: 0x00000090a9b00000,0x00000090a9c00000] [id=16376]
  0x00000219785109b0 ConcurrentGCThread "G1 Service" [stack: 0x00000090a8300000,0x00000090a8400000] [id=7888]

Threads with active compile tasks:
C2 CompilerThread0   312429 13755       4       org.springframework.web.filter.CompositeFilter$VirtualFilterChain::doFilter (69 bytes)
C1 CompilerThread0   312429 13758   !   3       org.apache.coyote.http11.Http11Processor::service (1251 bytes)

VM state: not at safepoint (normal execution)

VM Mutex/Monitor currently owned by a thread: None

Heap address: 0x0000000083600000, size: 1994 MB, Compressed Oops mode: 32-bit

CDS archive(s) mapped at: [0x0000000800000000-0x0000000800bc0000-0x0000000800bc0000), size 12320768, SharedBaseAddress: 0x0000000800000000, ArchiveRelocationMode: 0.
Compressed class space mapped at: 0x0000000800c00000-0x0000000840c00000, reserved size: 1073741824
Narrow klass base: 0x0000000800000000, Narrow klass shift: 0, Narrow klass range: 0x100000000

GC Precious Log:
 CPUs: 8 total, 8 available
 Memory: 7975M
 Large Page Support: Disabled
 NUMA Support: Disabled
 Compressed Oops: Enabled (32-bit)
 Heap Region Size: 1M
 Heap Min Capacity: 8M
 Heap Initial Capacity: 126M
 Heap Max Capacity: 1994M
 Pre-touch: Disabled
 Parallel Workers: 8
 Concurrent Workers: 2
 Concurrent Refinement Workers: 8
 Periodic GC: Disabled

Heap:
 garbage-first heap   total 129024K, used 100212K [0x0000000083600000, 0x0000000100000000)
  region size 1024K, 19 young (19456K), 2 survivors (2048K)
 Metaspace       used 77581K, committed 78208K, reserved 1122304K
  class space    used 10272K, committed 10560K, reserved 1048576K

Heap Regions: E=young(eden), S=young(survivor), O=old, HS=humongous(starts), HC=humongous(continues), CS=collection set, F=free, OA=open archive, CA=closed archive, TAMS=top-at-mark-start (previous, next)
|   0|0x0000000083600000, 0x0000000083700000, 0x0000000083700000|100%|HS|  |TAMS 0x0000000083700000, 0x0000000083600000| Complete 
|   1|0x0000000083700000, 0x0000000083800000, 0x0000000083800000|100%| O|  |TAMS 0x0000000083800000, 0x0000000083700000| Untracked 
|   2|0x0000000083800000, 0x0000000083900000, 0x0000000083900000|100%| O|  |TAMS 0x0000000083900000, 0x0000000083800000| Untracked 
|   3|0x0000000083900000, 0x0000000083a00000, 0x0000000083a00000|100%| O|  |TAMS 0x0000000083a00000, 0x0000000083900000| Untracked 
|   4|0x0000000083a00000, 0x0000000083b00000, 0x0000000083b00000|100%| O|  |TAMS 0x0000000083b00000, 0x0000000083a00000| Untracked 
|   5|0x0000000083b00000, 0x0000000083c00000, 0x0000000083c00000|100%| O|  |TAMS 0x0000000083c00000, 0x0000000083b00000| Untracked 
|   6|0x0000000083c00000, 0x0000000083d00000, 0x0000000083d00000|100%| O|  |TAMS 0x0000000083d00000, 0x0000000083c00000| Untracked 
|   7|0x0000000083d00000, 0x0000000083e00000, 0x0000000083e00000|100%| O|  |TAMS 0x0000000083e00000, 0x0000000083d00000| Untracked 
|   8|0x0000000083e00000, 0x0000000083f00000, 0x0000000083f00000|100%| O|  |TAMS 0x0000000083f00000, 0x0000000083e00000| Untracked 
|   9|0x0000000083f00000, 0x0000000084000000, 0x0000000084000000|100%| O|  |TAMS 0x0000000084000000, 0x0000000083f00000| Untracked 
|  10|0x0000000084000000, 0x0000000084100000, 0x0000000084100000|100%| O|  |TAMS 0x0000000084100000, 0x0000000084000000| Untracked 
|  11|0x0000000084100000, 0x0000000084200000, 0x0000000084200000|100%| O|  |TAMS 0x0000000084200000, 0x0000000084100000| Untracked 
|  12|0x0000000084200000, 0x0000000084300000, 0x0000000084300000|100%| O|  |TAMS 0x0000000084300000, 0x0000000084200000| Untracked 
|  13|0x0000000084300000, 0x0000000084400000, 0x0000000084400000|100%| O|  |TAMS 0x0000000084400000, 0x0000000084300000| Untracked 
|  14|0x0000000084400000, 0x0000000084500000, 0x0000000084500000|100%| O|  |TAMS 0x0000000084500000, 0x0000000084400000| Untracked 
|  15|0x0000000084500000, 0x0000000084600000, 0x0000000084600000|100%| O|  |TAMS 0x0000000084600000, 0x0000000084500000| Untracked 
|  16|0x0000000084600000, 0x0000000084700000, 0x0000000084700000|100%| O|  |TAMS 0x0000000084600000, 0x0000000084600000| Untracked 
|  17|0x0000000084700000, 0x00000000847a9000, 0x0000000084800000| 66%| O|  |TAMS 0x00000000847a9000, 0x0000000084700000| Untracked 
|  18|0x0000000084800000, 0x0000000084900000, 0x0000000084900000|100%| O|  |TAMS 0x0000000084900000, 0x0000000084800000| Untracked 
|  19|0x0000000084900000, 0x0000000084a00000, 0x0000000084a00000|100%| O|  |TAMS 0x0000000084a00000, 0x0000000084900000| Untracked 
|  20|0x0000000084a00000, 0x0000000084b00000, 0x0000000084b00000|100%| O|  |TAMS 0x0000000084b00000, 0x0000000084a00000| Untracked 
|  21|0x0000000084b00000, 0x0000000084c00000, 0x0000000084c00000|100%| O|  |TAMS 0x0000000084c00000, 0x0000000084b00000| Untracked 
|  22|0x0000000084c00000, 0x0000000084d00000, 0x0000000084d00000|100%| O|  |TAMS 0x0000000084d00000, 0x0000000084c00000| Untracked 
|  23|0x0000000084d00000, 0x0000000084e00000, 0x0000000084e00000|100%| O|  |TAMS 0x0000000084e00000, 0x0000000084d00000| Untracked 
|  24|0x0000000084e00000, 0x0000000084f00000, 0x0000000084f00000|100%| O|  |TAMS 0x0000000084f00000, 0x0000000084e00000| Untracked 
|  25|0x0000000084f00000, 0x0000000085000000, 0x0000000085000000|100%| O|  |TAMS 0x0000000085000000, 0x0000000084f00000| Untracked 
|  26|0x0000000085000000, 0x0000000085100000, 0x0000000085100000|100%| O|  |TAMS 0x0000000085100000, 0x0000000085000000| Untracked 
|  27|0x0000000085100000, 0x0000000085200000, 0x0000000085200000|100%| O|  |TAMS 0x0000000085200000, 0x0000000085100000| Untracked 
|  28|0x0000000085200000, 0x0000000085300000, 0x0000000085300000|100%| O|  |TAMS 0x0000000085300000, 0x0000000085200000| Untracked 
|  29|0x0000000085300000, 0x0000000085400000, 0x0000000085400000|100%| O|  |TAMS 0x0000000085400000, 0x0000000085300000| Untracked 
|  30|0x0000000085400000, 0x0000000085500000, 0x0000000085500000|100%| O|  |TAMS 0x0000000085500000, 0x0000000085400000| Untracked 
|  31|0x0000000085500000, 0x0000000085600000, 0x0000000085600000|100%| O|  |TAMS 0x0000000085600000, 0x0000000085500000| Untracked 
|  32|0x0000000085600000, 0x0000000085700000, 0x0000000085700000|100%| O|  |TAMS 0x0000000085700000, 0x0000000085600000| Untracked 
|  33|0x0000000085700000, 0x0000000085800000, 0x0000000085800000|100%| O|  |TAMS 0x0000000085700000, 0x0000000085700000| Untracked 
|  34|0x0000000085800000, 0x0000000085900000, 0x0000000085900000|100%| O|  |TAMS 0x0000000085800000, 0x0000000085800000| Untracked 
|  35|0x0000000085900000, 0x0000000085a00000, 0x0000000085a00000|100%| O|  |TAMS 0x0000000085900000, 0x0000000085900000| Untracked 
|  36|0x0000000085a00000, 0x0000000085b00000, 0x0000000085b00000|100%| O|  |TAMS 0x0000000085a00000, 0x0000000085a00000| Untracked 
|  37|0x0000000085b00000, 0x0000000085c00000, 0x0000000085c00000|100%| O|  |TAMS 0x0000000085c00000, 0x0000000085b00000| Untracked 
|  38|0x0000000085c00000, 0x0000000085d00000, 0x0000000085d00000|100%| O|  |TAMS 0x0000000085d00000, 0x0000000085c00000| Untracked 
|  39|0x0000000085d00000, 0x0000000085e00000, 0x0000000085e00000|100%| O|  |TAMS 0x0000000085e00000, 0x0000000085d00000| Untracked 
|  40|0x0000000085e00000, 0x0000000085f00000, 0x0000000085f00000|100%| O|  |TAMS 0x0000000085f00000, 0x0000000085e00000| Untracked 
|  41|0x0000000085f00000, 0x0000000086000000, 0x0000000086000000|100%| O|  |TAMS 0x0000000085fa2200, 0x0000000085f00000| Untracked 
|  42|0x0000000086000000, 0x0000000086100000, 0x0000000086100000|100%| O|  |TAMS 0x0000000086000000, 0x0000000086000000| Untracked 
|  43|0x0000000086100000, 0x0000000086200000, 0x0000000086200000|100%| O|  |TAMS 0x0000000086100000, 0x0000000086100000| Untracked 
|  44|0x0000000086200000, 0x0000000086300000, 0x0000000086300000|100%| O|  |TAMS 0x0000000086200000, 0x0000000086200000| Untracked 
|  45|0x0000000086300000, 0x0000000086400000, 0x0000000086400000|100%| O|  |TAMS 0x0000000086300000, 0x0000000086300000| Untracked 
|  46|0x0000000086400000, 0x0000000086500000, 0x0000000086500000|100%| O|  |TAMS 0x0000000086400000, 0x0000000086400000| Untracked 
|  47|0x0000000086500000, 0x0000000086600000, 0x0000000086600000|100%| O|  |TAMS 0x0000000086500000, 0x0000000086500000| Untracked 
|  48|0x0000000086600000, 0x0000000086700000, 0x0000000086700000|100%| O|  |TAMS 0x0000000086600000, 0x0000000086600000| Untracked 
|  49|0x0000000086700000, 0x0000000086800000, 0x0000000086800000|100%| O|  |TAMS 0x0000000086700000, 0x0000000086700000| Untracked 
|  50|0x0000000086800000, 0x0000000086900000, 0x0000000086900000|100%| O|  |TAMS 0x0000000086800000, 0x0000000086800000| Untracked 
|  51|0x0000000086900000, 0x0000000086a00000, 0x0000000086a00000|100%| O|  |TAMS 0x0000000086900000, 0x0000000086900000| Untracked 
|  52|0x0000000086a00000, 0x0000000086b00000, 0x0000000086b00000|100%| O|  |TAMS 0x0000000086a00000, 0x0000000086a00000| Untracked 
|  53|0x0000000086b00000, 0x0000000086c00000, 0x0000000086c00000|100%| O|  |TAMS 0x0000000086b00000, 0x0000000086b00000| Untracked 
|  54|0x0000000086c00000, 0x0000000086d00000, 0x0000000086d00000|100%| O|  |TAMS 0x0000000086c00000, 0x0000000086c00000| Untracked 
|  55|0x0000000086d00000, 0x0000000086e00000, 0x0000000086e00000|100%| O|  |TAMS 0x0000000086d00000, 0x0000000086d00000| Untracked 
|  56|0x0000000086e00000, 0x0000000086f00000, 0x0000000086f00000|100%| O|  |TAMS 0x0000000086e00000, 0x0000000086e00000| Untracked 
|  57|0x0000000086f00000, 0x0000000087000000, 0x0000000087000000|100%| O|  |TAMS 0x0000000086f00000, 0x0000000086f00000| Untracked 
|  58|0x0000000087000000, 0x0000000087100000, 0x0000000087100000|100%| O|  |TAMS 0x0000000087000000, 0x0000000087000000| Untracked 
|  59|0x0000000087100000, 0x0000000087200000, 0x0000000087200000|100%| O|  |TAMS 0x0000000087100000, 0x0000000087100000| Untracked 
|  60|0x0000000087200000, 0x0000000087300000, 0x0000000087300000|100%| O|  |TAMS 0x0000000087200000, 0x0000000087200000| Untracked 
|  61|0x0000000087300000, 0x0000000087400000, 0x0000000087400000|100%| O|  |TAMS 0x0000000087300000, 0x0000000087300000| Untracked 
|  62|0x0000000087400000, 0x0000000087500000, 0x0000000087500000|100%| O|  |TAMS 0x0000000087400000, 0x0000000087400000| Untracked 
|  63|0x0000000087500000, 0x0000000087600000, 0x0000000087600000|100%| O|  |TAMS 0x0000000087500000, 0x0000000087500000| Untracked 
|  64|0x0000000087600000, 0x0000000087700000, 0x0000000087700000|100%| O|  |TAMS 0x0000000087600000, 0x0000000087600000| Untracked 
|  65|0x0000000087700000, 0x0000000087800000, 0x0000000087800000|100%| O|  |TAMS 0x0000000087700000, 0x0000000087700000| Untracked 
|  66|0x0000000087800000, 0x0000000087900000, 0x0000000087900000|100%| O|  |TAMS 0x0000000087800000, 0x0000000087800000| Untracked 
|  67|0x0000000087900000, 0x0000000087a00000, 0x0000000087a00000|100%| O|  |TAMS 0x0000000087900000, 0x0000000087900000| Untracked 
|  68|0x0000000087a00000, 0x0000000087b00000, 0x0000000087b00000|100%| O|  |TAMS 0x0000000087a00000, 0x0000000087a00000| Untracked 
|  69|0x0000000087b00000, 0x0000000087c00000, 0x0000000087c00000|100%| O|  |TAMS 0x0000000087b00000, 0x0000000087b00000| Untracked 
|  70|0x0000000087c00000, 0x0000000087d00000, 0x0000000087d00000|100%| O|  |TAMS 0x0000000087c00000, 0x0000000087c00000| Untracked 
|  71|0x0000000087d00000, 0x0000000087e00000, 0x0000000087e00000|100%| O|  |TAMS 0x0000000087d00000, 0x0000000087d00000| Untracked 
|  72|0x0000000087e00000, 0x0000000087f00000, 0x0000000087f00000|100%| O|  |TAMS 0x0000000087e00000, 0x0000000087e00000| Untracked 
|  73|0x0000000087f00000, 0x0000000088000000, 0x0000000088000000|100%| O|  |TAMS 0x0000000087f00000, 0x0000000087f00000| Untracked 
|  74|0x0000000088000000, 0x0000000088100000, 0x0000000088100000|100%| O|  |TAMS 0x0000000088000000, 0x0000000088000000| Untracked 
|  75|0x0000000088100000, 0x0000000088200000, 0x0000000088200000|100%| O|  |TAMS 0x0000000088100000, 0x0000000088100000| Untracked 
|  76|0x0000000088200000, 0x0000000088300000, 0x0000000088300000|100%| O|  |TAMS 0x0000000088200000, 0x0000000088200000| Untracked 
|  77|0x0000000088300000, 0x0000000088400000, 0x0000000088400000|100%| O|  |TAMS 0x0000000088300000, 0x0000000088300000| Untracked 
|  78|0x0000000088400000, 0x0000000088500000, 0x0000000088500000|100%| O|  |TAMS 0x0000000088400000, 0x0000000088400000| Untracked 
|  79|0x0000000088500000, 0x0000000088600000, 0x0000000088600000|100%| O|  |TAMS 0x0000000088500000, 0x0000000088500000| Untracked 
|  80|0x0000000088600000, 0x0000000088700000, 0x0000000088700000|100%| O|  |TAMS 0x0000000088600000, 0x0000000088600000| Untracked 
|  81|0x0000000088700000, 0x0000000088800000, 0x0000000088800000|100%| O|  |TAMS 0x0000000088700000, 0x0000000088700000| Untracked 
|  82|0x0000000088800000, 0x0000000088804200, 0x0000000088900000|  1%| O|  |TAMS 0x0000000088800000, 0x0000000088800000| Untracked 
|  83|0x0000000088900000, 0x0000000088900000, 0x0000000088a00000|  0%| F|  |TAMS 0x0000000088900000, 0x0000000088900000| Untracked 
|  84|0x0000000088a00000, 0x0000000088a00000, 0x0000000088b00000|  0%| F|  |TAMS 0x0000000088a00000, 0x0000000088a00000| Untracked 
|  85|0x0000000088b00000, 0x0000000088b00000, 0x0000000088c00000|  0%| F|  |TAMS 0x0000000088b00000, 0x0000000088b00000| Untracked 
|  86|0x0000000088c00000, 0x0000000088c00000, 0x0000000088d00000|  0%| F|  |TAMS 0x0000000088c00000, 0x0000000088c00000| Untracked 
|  87|0x0000000088d00000, 0x0000000088d00000, 0x0000000088e00000|  0%| F|  |TAMS 0x0000000088d00000, 0x0000000088d00000| Untracked 
|  88|0x0000000088e00000, 0x0000000088e00000, 0x0000000088f00000|  0%| F|  |TAMS 0x0000000088e00000, 0x0000000088e00000| Untracked 
|  89|0x0000000088f00000, 0x0000000088f00000, 0x0000000089000000|  0%| F|  |TAMS 0x0000000088f00000, 0x0000000088f00000| Untracked 
|  90|0x0000000089000000, 0x0000000089000000, 0x0000000089100000|  0%| F|  |TAMS 0x0000000089000000, 0x0000000089000000| Untracked 
|  91|0x0000000089100000, 0x0000000089100000, 0x0000000089200000|  0%| F|  |TAMS 0x0000000089100000, 0x0000000089100000| Untracked 
|  92|0x0000000089200000, 0x0000000089200000, 0x0000000089300000|  0%| F|  |TAMS 0x0000000089200000, 0x0000000089200000| Untracked 
|  93|0x0000000089300000, 0x0000000089300000, 0x0000000089400000|  0%| F|  |TAMS 0x0000000089300000, 0x0000000089300000| Untracked 
|  94|0x0000000089400000, 0x0000000089400000, 0x0000000089500000|  0%| F|  |TAMS 0x0000000089400000, 0x0000000089400000| Untracked 
|  95|0x0000000089500000, 0x0000000089500000, 0x0000000089600000|  0%| F|  |TAMS 0x0000000089500000, 0x0000000089500000| Untracked 
|  96|0x0000000089600000, 0x0000000089600000, 0x0000000089700000|  0%| F|  |TAMS 0x0000000089600000, 0x0000000089600000| Untracked 
|  97|0x0000000089700000, 0x000000008972ff40, 0x0000000089800000| 18%| S|CS|TAMS 0x0000000089700000, 0x0000000089700000| Complete 
|  98|0x0000000089800000, 0x0000000089900000, 0x0000000089900000|100%| S|CS|TAMS 0x0000000089800000, 0x0000000089800000| Complete 
|  99|0x0000000089900000, 0x0000000089900000, 0x0000000089a00000|  0%| F|  |TAMS 0x0000000089900000, 0x0000000089900000| Untracked 
| 100|0x0000000089a00000, 0x0000000089a00000, 0x0000000089b00000|  0%| F|  |TAMS 0x0000000089a00000, 0x0000000089a00000| Untracked 
| 101|0x0000000089b00000, 0x0000000089b00000, 0x0000000089c00000|  0%| F|  |TAMS 0x0000000089b00000, 0x0000000089b00000| Untracked 
| 102|0x0000000089c00000, 0x0000000089c00000, 0x0000000089d00000|  0%| F|  |TAMS 0x0000000089c00000, 0x0000000089c00000| Untracked 
| 103|0x0000000089d00000, 0x0000000089d00000, 0x0000000089e00000|  0%| F|  |TAMS 0x0000000089d00000, 0x0000000089d00000| Untracked 
| 104|0x0000000089e00000, 0x0000000089e00000, 0x0000000089f00000|  0%| F|  |TAMS 0x0000000089e00000, 0x0000000089e00000| Untracked 
| 105|0x0000000089f00000, 0x0000000089f00000, 0x000000008a000000|  0%| F|  |TAMS 0x0000000089f00000, 0x0000000089f00000| Untracked 
| 106|0x000000008a000000, 0x000000008a000000, 0x000000008a100000|  0%| F|  |TAMS 0x000000008a000000, 0x000000008a000000| Untracked 
| 107|0x000000008a100000, 0x000000008a100000, 0x000000008a200000|  0%| F|  |TAMS 0x000000008a100000, 0x000000008a100000| Untracked 
| 108|0x000000008a200000, 0x000000008a200000, 0x000000008a300000|  0%| F|  |TAMS 0x000000008a200000, 0x000000008a200000| Untracked 
| 109|0x000000008a300000, 0x000000008a3ac398, 0x000000008a400000| 67%| E|  |TAMS 0x000000008a300000, 0x000000008a300000| Complete 
| 110|0x000000008a400000, 0x000000008a500000, 0x000000008a500000|100%| E|CS|TAMS 0x000000008a400000, 0x000000008a400000| Complete 
| 111|0x000000008a500000, 0x000000008a600000, 0x000000008a600000|100%| E|CS|TAMS 0x000000008a500000, 0x000000008a500000| Complete 
| 112|0x000000008a600000, 0x000000008a700000, 0x000000008a700000|100%| E|CS|TAMS 0x000000008a600000, 0x000000008a600000| Complete 
| 113|0x000000008a700000, 0x000000008a800000, 0x000000008a800000|100%| E|CS|TAMS 0x000000008a700000, 0x000000008a700000| Complete 
| 114|0x000000008a800000, 0x000000008a900000, 0x000000008a900000|100%| E|  |TAMS 0x000000008a800000, 0x000000008a800000| Complete 
| 115|0x000000008a900000, 0x000000008aa00000, 0x000000008aa00000|100%| E|CS|TAMS 0x000000008a900000, 0x000000008a900000| Complete 
| 116|0x000000008aa00000, 0x000000008ab00000, 0x000000008ab00000|100%| E|CS|TAMS 0x000000008aa00000, 0x000000008aa00000| Complete 
| 117|0x000000008ab00000, 0x000000008ac00000, 0x000000008ac00000|100%| E|CS|TAMS 0x000000008ab00000, 0x000000008ab00000| Complete 
| 118|0x000000008ac00000, 0x000000008ad00000, 0x000000008ad00000|100%| E|CS|TAMS 0x000000008ac00000, 0x000000008ac00000| Complete 
| 119|0x000000008ad00000, 0x000000008ae00000, 0x000000008ae00000|100%| E|CS|TAMS 0x000000008ad00000, 0x000000008ad00000| Complete 
| 120|0x000000008ae00000, 0x000000008af00000, 0x000000008af00000|100%| E|CS|TAMS 0x000000008ae00000, 0x000000008ae00000| Complete 
| 121|0x000000008af00000, 0x000000008b000000, 0x000000008b000000|100%| E|CS|TAMS 0x000000008af00000, 0x000000008af00000| Complete 
| 122|0x000000008b000000, 0x000000008b100000, 0x000000008b100000|100%| E|CS|TAMS 0x000000008b000000, 0x000000008b000000| Complete 
| 123|0x000000008b100000, 0x000000008b200000, 0x000000008b200000|100%| E|CS|TAMS 0x000000008b100000, 0x000000008b100000| Complete 
| 124|0x000000008b200000, 0x000000008b300000, 0x000000008b300000|100%| E|CS|TAMS 0x000000008b200000, 0x000000008b200000| Complete 
| 125|0x000000008b300000, 0x000000008b400000, 0x000000008b400000|100%| E|CS|TAMS 0x000000008b300000, 0x000000008b300000| Complete 

Card table byte_map: [0x0000021971610000,0x0000021971a00000] _byte_map_base: 0x00000219711f5000

Marking Bits (Prev, Next): (CMBitMap*) 0x000002195a6e13d0, (CMBitMap*) 0x000002195a6e1410
 Prev Bits: [0x0000021971df0000, 0x0000021973d18000)
 Next Bits: [0x0000021973d20000, 0x0000021975c48000)

Polling page: 0x0000021959e70000

Metaspace:

Usage:
  Non-class:     65.73 MB used.
      Class:     10.03 MB used.
       Both:     75.76 MB used.

Virtual space:
  Non-class space:       72.00 MB reserved,      66.06 MB ( 92%) committed,  9 nodes.
      Class space:        1.00 GB reserved,      10.31 MB (  1%) committed,  1 nodes.
             Both:        1.07 GB reserved,      76.38 MB (  7%) committed. 

Chunk freelists:
   Non-Class:  1.17 MB
       Class:  1.59 MB
        Both:  2.77 MB

MaxMetaspaceSize: unlimited
CompressedClassSpaceSize: 1.00 GB
Initial GC threshold: 21.00 MB
Current GC threshold: 127.19 MB
CDS: on
MetaspaceReclaimPolicy: balanced
 - commit_granule_bytes: 65536.
 - commit_granule_words: 8192.
 - virtual_space_node_default_size: 1048576.
 - enlarge_chunks_in_place: 1.
 - new_chunks_are_fully_committed: 0.
 - uncommit_free_chunks: 1.
 - use_allocation_guard: 0.
 - handle_deallocations: 1.


Internal statistics:

num_allocs_failed_limit: 9.
num_arena_births: 810.
num_arena_deaths: 0.
num_vsnodes_births: 10.
num_vsnodes_deaths: 0.
num_space_committed: 1222.
num_space_uncommitted: 0.
num_chunks_returned_to_freelist: 9.
num_chunks_taken_from_freelist: 3693.
num_chunk_merges: 9.
num_chunk_splits: 2699.
num_chunks_enlarged: 2127.
num_purges: 0.
num_inconsistent_stats: 0.

CodeHeap 'non-profiled nmethods': size=120000Kb used=12548Kb max_used=12548Kb free=107451Kb
 bounds [0x00000219699b0000, 0x000002196a600000, 0x0000021970ee0000]
CodeHeap 'profiled nmethods': size=120000Kb used=16700Kb max_used=23021Kb free=103299Kb
 bounds [0x0000021962480000, 0x0000021963b00000, 0x00000219699b0000]
CodeHeap 'non-nmethods': size=5760Kb used=1357Kb max_used=1429Kb free=4402Kb
 bounds [0x0000021961ee0000, 0x0000021962150000, 0x0000021962480000]
 total_blobs=11406 nmethods=10726 adapters=591
 compilation: enabled
              stopped_count=0, restarted_count=0
 full_count=0

Compilation events (20 events):
Event: 308.567 Thread 0x0000021978674e00 13746       3       jdk.internal.misc.Unsafe::bool2byte (10 bytes)
Event: 308.568 Thread 0x0000021978674e00 nmethod 13746 0x0000021962736e10 code [0x0000021962736fa0, 0x0000021962737118]
Event: 308.568 Thread 0x0000021978674e00 13747       3       java.util.HashMap::remove (26 bytes)
Event: 308.568 Thread 0x0000021978674e00 nmethod 13747 0x0000021962560590 code [0x0000021962560760, 0x0000021962560ad8]
Event: 308.723 Thread 0x0000021978674e00 13748   !   3       sun.nio.ch.SocketChannelImpl::socket (54 bytes)
Event: 308.723 Thread 0x0000021978674e00 nmethod 13748 0x00000219628e4f90 code [0x00000219628e5180, 0x00000219628e5678]
Event: 309.462 Thread 0x0000021978674e00 13749       1       org.apache.tomcat.util.net.SocketWrapperBase::reset (6 bytes)
Event: 309.462 Thread 0x0000021978674e00 nmethod 13749 0x000002196a5f0290 code [0x000002196a5f0420, 0x000002196a5f0538]
Event: 310.121 Thread 0x0000021978674e00 13750       3       org.apache.tomcat.util.net.NioChannel::isOpen (8 bytes)
Event: 310.121 Thread 0x0000021978674e00 nmethod 13750 0x0000021962c2cb10 code [0x0000021962c2cca0, 0x0000021962c2ce78]
Event: 310.121 Thread 0x0000021978674e00 13751       3       sun.nio.ch.SocketChannelImpl::tryClose (76 bytes)
Event: 310.122 Thread 0x0000021978674e00 nmethod 13751 0x0000021962ac3510 code [0x0000021962ac36e0, 0x0000021962ac3b28]
Event: 312.351 Thread 0x0000021978673f60 13752       4       java.lang.invoke.MethodHandles$Lookup::<init> (84 bytes)
Event: 312.353 Thread 0x0000021978673f60 nmethod 13752 0x000002196a5f0590 code [0x000002196a5f0700, 0x000002196a5f0938]
Event: 312.353 Thread 0x0000021978673f60 13753       4       sun.invoke.util.VerifyAccess::isTypeVisible (118 bytes)
Event: 312.361 Thread 0x0000021978673f60 nmethod 13753 0x000002196a5f0990 code [0x000002196a5f0b40, 0x000002196a5f0f48]
Event: 312.364 Thread 0x0000021978674e00 13754   !   3       org.apache.coyote.AbstractProcessor::action (1081 bytes)
Event: 312.372 Thread 0x0000021978674e00 nmethod 13754 0x0000021963793190 code [0x0000021963793f20, 0x000002196379e058]
Event: 312.376 Thread 0x0000021978673f60 13755       4       org.springframework.web.filter.CompositeFilter$VirtualFilterChain::doFilter (69 bytes)
Event: 312.399 Thread 0x0000021978674e00 13758   !   3       org.apache.coyote.http11.Http11Processor::service (1251 bytes)

GC Heap History (20 events):
Event: 310.132 GC heap before
{Heap before GC invocations=165 (full 0):
 garbage-first heap   total 129024K, used 111783K [0x0000000083600000, 0x0000000100000000)
  region size 1024K, 29 young (29696K), 1 survivors (1024K)
 Metaspace       used 77569K, committed 78208K, reserved 1122304K
  class space    used 10268K, committed 10560K, reserved 1048576K
}
Event: 310.134 GC heap after
{Heap after GC invocations=166 (full 0):
 garbage-first heap   total 129024K, used 84160K [0x0000000083600000, 0x0000000100000000)
  region size 1024K, 1 young (1024K), 1 survivors (1024K)
 Metaspace       used 77569K, committed 78208K, reserved 1122304K
  class space    used 10268K, committed 10560K, reserved 1048576K
}
Event: 310.409 GC heap before
{Heap before GC invocations=166 (full 0):
 garbage-first heap   total 129024K, used 111808K [0x0000000083600000, 0x0000000100000000)
  region size 1024K, 29 young (29696K), 1 survivors (1024K)
 Metaspace       used 77569K, committed 78208K, reserved 1122304K
  class space    used 10268K, committed 10560K, reserved 1048576K
}
Event: 310.410 GC heap after
{Heap after GC invocations=167 (full 0):
 garbage-first heap   total 129024K, used 84230K [0x0000000083600000, 0x0000000100000000)
  region size 1024K, 1 young (1024K), 1 survivors (1024K)
 Metaspace       used 77569K, committed 78208K, reserved 1122304K
  class space    used 10268K, committed 10560K, reserved 1048576K
}
Event: 310.611 GC heap before
{Heap before GC invocations=167 (full 0):
 garbage-first heap   total 129024K, used 112902K [0x0000000083600000, 0x0000000100000000)
  region size 1024K, 29 young (29696K), 1 survivors (1024K)
 Metaspace       used 77569K, committed 78208K, reserved 1122304K
  class space    used 10268K, committed 10560K, reserved 1048576K
}
Event: 310.612 GC heap after
{Heap after GC invocations=168 (full 0):
 garbage-first heap   total 129024K, used 84299K [0x0000000083600000, 0x0000000100000000)
  region size 1024K, 1 young (1024K), 1 survivors (1024K)
 Metaspace       used 77569K, committed 78208K, reserved 1122304K
  class space    used 10268K, committed 10560K, reserved 1048576K
}
Event: 310.818 GC heap before
{Heap before GC invocations=168 (full 0):
 garbage-first heap   total 129024K, used 111947K [0x0000000083600000, 0x0000000100000000)
  region size 1024K, 29 young (29696K), 1 survivors (1024K)
 Metaspace       used 77569K, committed 78208K, reserved 1122304K
  class space    used 10268K, committed 10560K, reserved 1048576K
}
Event: 310.820 GC heap after
{Heap after GC invocations=169 (full 0):
 garbage-first heap   total 129024K, used 84401K [0x0000000083600000, 0x0000000100000000)
  region size 1024K, 1 young (1024K), 1 survivors (1024K)
 Metaspace       used 77569K, committed 78208K, reserved 1122304K
  class space    used 10268K, committed 10560K, reserved 1048576K
}
Event: 311.044 GC heap before
{Heap before GC invocations=169 (full 0):
 garbage-first heap   total 129024K, used 113073K [0x0000000083600000, 0x0000000100000000)
  region size 1024K, 30 young (30720K), 1 survivors (1024K)
 Metaspace       used 77569K, committed 78208K, reserved 1122304K
  class space    used 10268K, committed 10560K, reserved 1048576K
}
Event: 311.050 GC heap after
{Heap after GC invocations=170 (full 0):
 garbage-first heap   total 129024K, used 84474K [0x0000000083600000, 0x0000000100000000)
  region size 1024K, 1 young (1024K), 1 survivors (1024K)
 Metaspace       used 77569K, committed 78208K, reserved 1122304K
  class space    used 10268K, committed 10560K, reserved 1048576K
}
Event: 311.301 GC heap before
{Heap before GC invocations=170 (full 0):
 garbage-first heap   total 129024K, used 114170K [0x0000000083600000, 0x0000000100000000)
  region size 1024K, 30 young (30720K), 1 survivors (1024K)
 Metaspace       used 77569K, committed 78208K, reserved 1122304K
  class space    used 10268K, committed 10560K, reserved 1048576K
}
Event: 311.303 GC heap after
{Heap after GC invocations=171 (full 0):
 garbage-first heap   total 129024K, used 84520K [0x0000000083600000, 0x0000000100000000)
  region size 1024K, 1 young (1024K), 1 survivors (1024K)
 Metaspace       used 77569K, committed 78208K, reserved 1122304K
  class space    used 10268K, committed 10560K, reserved 1048576K
}
Event: 311.583 GC heap before
{Heap before GC invocations=171 (full 0):
 garbage-first heap   total 129024K, used 113192K [0x0000000083600000, 0x0000000100000000)
  region size 1024K, 30 young (30720K), 1 survivors (1024K)
 Metaspace       used 77569K, committed 78208K, reserved 1122304K
  class space    used 10268K, committed 10560K, reserved 1048576K
}
Event: 311.584 GC heap after
{Heap after GC invocations=172 (full 0):
 garbage-first heap   total 129024K, used 84564K [0x0000000083600000, 0x0000000100000000)
  region size 1024K, 2 young (2048K), 2 survivors (2048K)
 Metaspace       used 77569K, committed 78208K, reserved 1122304K
  class space    used 10268K, committed 10560K, reserved 1048576K
}
Event: 311.807 GC heap before
{Heap before GC invocations=172 (full 0):
 garbage-first heap   total 129024K, used 112212K [0x0000000083600000, 0x0000000100000000)
  region size 1024K, 29 young (29696K), 2 survivors (2048K)
 Metaspace       used 77569K, committed 78208K, reserved 1122304K
  class space    used 10268K, committed 10560K, reserved 1048576K
}
Event: 311.809 GC heap after
{Heap after GC invocations=173 (full 0):
 garbage-first heap   total 129024K, used 84655K [0x0000000083600000, 0x0000000100000000)
  region size 1024K, 2 young (2048K), 2 survivors (2048K)
 Metaspace       used 77569K, committed 78208K, reserved 1122304K
  class space    used 10268K, committed 10560K, reserved 1048576K
}
Event: 312.038 GC heap before
{Heap before GC invocations=173 (full 0):
 garbage-first heap   total 129024K, used 111279K [0x0000000083600000, 0x0000000100000000)
  region size 1024K, 29 young (29696K), 2 survivors (2048K)
 Metaspace       used 77569K, committed 78208K, reserved 1122304K
  class space    used 10268K, committed 10560K, reserved 1048576K
}
Event: 312.040 GC heap after
{Heap after GC invocations=174 (full 0):
 garbage-first heap   total 129024K, used 84766K [0x0000000083600000, 0x0000000100000000)
  region size 1024K, 2 young (2048K), 2 survivors (2048K)
 Metaspace       used 77569K, committed 78208K, reserved 1122304K
  class space    used 10268K, committed 10560K, reserved 1048576K
}
Event: 312.297 GC heap before
{Heap before GC invocations=174 (full 0):
 garbage-first heap   total 129024K, used 111390K [0x0000000083600000, 0x0000000100000000)
  region size 1024K, 29 young (29696K), 2 survivors (2048K)
 Metaspace       used 77569K, committed 78208K, reserved 1122304K
  class space    used 10268K, committed 10560K, reserved 1048576K
}
Event: 312.300 GC heap after
{Heap after GC invocations=175 (full 0):
 garbage-first heap   total 129024K, used 84852K [0x0000000083600000, 0x0000000100000000)
  region size 1024K, 2 young (2048K), 2 survivors (2048K)
 Metaspace       used 77569K, committed 78208K, reserved 1122304K
  class space    used 10268K, committed 10560K, reserved 1048576K
}

Deoptimization events (20 events):
Event: 312.359 Thread 0x000002197e784fe0 Uncommon trap: trap_request=0xffffff45 fr.pc=0x000002196a4010b0 relative=0x00000000000021f0
Event: 312.359 Thread 0x000002197e784fe0 Uncommon trap: reason=unstable_if action=reinterpret pc=0x000002196a4010b0 method=org.apache.catalina.valves.ErrorReportValve.invoke(Lorg/apache/catalina/connector/Request;Lorg/apache/catalina/connector/Response;)V @ 22 c2
Event: 312.359 Thread 0x000002197e784fe0 DEOPT PACKING pc=0x000002196a4010b0 sp=0x00000090aa7ff030
Event: 312.359 Thread 0x000002197e784fe0 DEOPT UNPACKING pc=0x0000021961f35c23 sp=0x00000090aa7feed8 mode 2
Event: 312.360 Thread 0x000002197e784fe0 Uncommon trap: trap_request=0xffffff45 fr.pc=0x0000021969e4eea8 relative=0x0000000000000108
Event: 312.360 Thread 0x000002197e784fe0 Uncommon trap: reason=unstable_if action=reinterpret pc=0x0000021969e4eea8 method=org.apache.tomcat.util.net.SocketBufferHandler.setWriteBufferConfiguredForWrite(Z)V @ 21 c2
Event: 312.360 Thread 0x000002197e784fe0 DEOPT PACKING pc=0x0000021969e4eea8 sp=0x00000090aa7fec40
Event: 312.360 Thread 0x000002197e784fe0 DEOPT UNPACKING pc=0x0000021961f35c23 sp=0x00000090aa7febc8 mode 2
Event: 312.361 Thread 0x000002197e784fe0 Uncommon trap: trap_request=0x0000009c fr.pc=0x0000021969f695d4 relative=0x00000000000007d4
Event: 312.361 Thread 0x000002197e784fe0 Uncommon trap: reason=unloaded action=reinterpret pc=0x0000021969f695d4 method=org.apache.catalina.connector.OutputBuffer.realWriteBytes(Ljava/nio/ByteBuffer;)V @ 43 c2
Event: 312.361 Thread 0x000002197e784fe0 DEOPT PACKING pc=0x0000021969f695d4 sp=0x00000090aa7fee30
Event: 312.361 Thread 0x000002197e784fe0 DEOPT UNPACKING pc=0x0000021961f35c23 sp=0x00000090aa7fed60 mode 2
Event: 312.361 Thread 0x000002197e784fe0 Uncommon trap: trap_request=0xffffff45 fr.pc=0x000002196a47a884 relative=0x0000000000001e84
Event: 312.361 Thread 0x000002197e784fe0 Uncommon trap: reason=unstable_if action=reinterpret pc=0x000002196a47a884 method=org.apache.coyote.http11.Http11Processor.service(Lorg/apache/tomcat/util/net/SocketWrapperBase;)Lorg/apache/tomcat/util/net/AbstractEndpoint$Handler$SocketState; @ 814 c2
Event: 312.361 Thread 0x000002197e784fe0 DEOPT PACKING pc=0x000002196a47a884 sp=0x00000090aa7ff0f0
Event: 312.361 Thread 0x000002197e784fe0 DEOPT UNPACKING pc=0x0000021961f35c23 sp=0x00000090aa7ff0e0 mode 2
Event: 312.361 Thread 0x000002197e784fe0 Uncommon trap: trap_request=0xffffff45 fr.pc=0x000002196a42a0fc relative=0x00000000000002dc
Event: 312.361 Thread 0x000002197e784fe0 Uncommon trap: reason=unstable_if action=reinterpret pc=0x000002196a42a0fc method=org.apache.coyote.http11.Http11InputBuffer.recycle()V @ 19 c2
Event: 312.362 Thread 0x000002197e784fe0 DEOPT PACKING pc=0x000002196a42a0fc sp=0x00000090aa7ff070
Event: 312.362 Thread 0x000002197e784fe0 DEOPT UNPACKING pc=0x0000021961f35c23 sp=0x00000090aa7ff028 mode 2

Classes unloaded (0 events):
No events

Classes redefined (0 events):
No events

Internal exceptions (20 events):
Event: 6.090 Thread 0x000002195a6a3700 Exception <a 'java/lang/NoSuchMethodError'{0x0000000087410eb8}: 'java.lang.Object java.lang.invoke.DirectMethodHandle$Holder.invokeSpecial(java.lang.Object, java.lang.Object, int, java.lang.Object, int, java.lang.Object)'> (0x0000000087410eb8) 
thrown [t:\workspace\open\src\hotspot\share\interpreter\linkResolver.cpp, line 766]
Event: 6.090 Thread 0x000002195a6a3700 Exception <a 'java/lang/NoSuchMethodError'{0x0000000087418cc0}: 'java.lang.Object java.lang.invoke.DirectMethodHandle$Holder.newInvokeSpecial(java.lang.Object, java.lang.Object, int, java.lang.Object, int)'> (0x0000000087418cc0) 
thrown [t:\workspace\open\src\hotspot\share\interpreter\linkResolver.cpp, line 766]
Event: 6.090 Thread 0x000002195a6a3700 Exception <a 'java/lang/NoSuchMethodError'{0x000000008741cdc0}: 'java.lang.Object java.lang.invoke.DirectMethodHandle$Holder.invokeSpecial(java.lang.Object, java.lang.Object, java.lang.Object, int, java.lang.Object, int)'> (0x000000008741cdc0) 
thrown [t:\workspace\open\src\hotspot\share\interpreter\linkResolver.cpp, line 766]
Event: 6.355 Thread 0x000002195a6a3700 Exception <a 'java/lang/NoSuchMethodError'{0x000000008b3d7ad0}: 'java.lang.Object java.lang.invoke.DirectMethodHandle$Holder.invokeInterface(java.lang.Object, java.lang.Object, java.lang.Object, java.lang.Object)'> (0x000000008b3d7ad0) 
thrown [t:\workspace\open\src\hotspot\share\interpreter\linkResolver.cpp, line 766]
Event: 6.439 Thread 0x000002195a6a3700 Exception <a 'java/lang/NoSuchMethodError'{0x0000000087646280}: 'int java.lang.invoke.DirectMethodHandle$Holder.invokeStatic(java.lang.Object, java.lang.Object, int, int)'> (0x0000000087646280) 
thrown [t:\workspace\open\src\hotspot\share\interpreter\linkResolver.cpp, line 766]
Event: 6.461 Thread 0x000002195a6a3700 Exception <a 'java/lang/IncompatibleClassChangeError'{0x00000000875306a8}: Found class java.lang.Object, but interface was expected> (0x00000000875306a8) 
thrown [t:\workspace\open\src\hotspot\share\interpreter\linkResolver.cpp, line 833]
Event: 6.502 Thread 0x000002195a6a3700 Exception <a 'java/lang/NoSuchMethodError'{0x0000000087054f18}: 'void java.lang.invoke.DirectMethodHandle$Holder.invokeSpecialIFC(java.lang.Object, java.lang.Object, int, java.lang.Object, java.lang.Object, java.lang.Object, java.lang.Object)'> (0x0000000087054f18) 
thrown [t:\workspace\open\src\hotspot\share\interpreter\linkResolver.cpp, line 766]
Event: 6.525 Thread 0x000002195a6a3700 Exception <a 'java/lang/reflect/InvocationTargetException'{0x0000000086f86928}> (0x0000000086f86928) 
thrown [t:\workspace\open\src\hotspot\share\runtime\reflection.cpp, line 1121]
Event: 28.163 Thread 0x000002197e784640 Exception <a 'java/lang/NoSuchMethodError'{0x0000000086bf3e18}: 'java.lang.Object java.lang.invoke.DirectMethodHandle$Holder.invokeSpecial(java.lang.Object, java.lang.Object, java.lang.Object, java.lang.Object, java.lang.Object, long)'> (0x0000000086bf3e18) 
thrown [t:\workspace\open\src\hotspot\share\interpreter\linkResolver.cpp, line 766]
Event: 28.163 Thread 0x000002197e784640 Exception <a 'java/lang/NoSuchMethodError'{0x0000000086bf7858}: 'java.lang.Object java.lang.invoke.Invokers$Holder.linkToTargetMethod(java.lang.Object, java.lang.Object, java.lang.Object, long, java.lang.Object)'> (0x0000000086bf7858) 
thrown [t:\workspace\open\src\hotspot\share\interpreter\linkResolver.cpp, line 766]
Event: 48.682 Thread 0x000002197e787b30 Exception <a 'java/lang/IncompatibleClassChangeError'{0x0000000087555be0}: Found class java.lang.Object, but interface was expected> (0x0000000087555be0) 
thrown [t:\workspace\open\src\hotspot\share\interpreter\linkResolver.cpp, line 833]
Event: 255.484 Thread 0x000002197e785980 Implicit null exception at 0x0000021969e13800 to 0x0000021969e139ec
Event: 297.821 Thread 0x000002197e787b30 Implicit null exception at 0x000002196a484b46 to 0x000002196a488b08
Event: 297.821 Thread 0x000002197e787660 Implicit null exception at 0x000002196a484b46 to 0x000002196a488b08
Event: 297.824 Thread 0x000002197e7867f0 Implicit null exception at 0x000002196a484b46 to 0x000002196a488b08
Event: 297.825 Thread 0x000002197e788000 Implicit null exception at 0x000002196a484b46 to 0x000002196a488b08
Event: 312.348 Thread 0x000002197e784fe0 Exception <a 'java/io/IOException'{0x000000008ae8a368}> (0x000000008ae8a368) 
thrown [t:\workspace\open\src\hotspot\share\prims\jni.cpp, line 516]
Event: 312.349 Thread 0x000002197e784fe0 Exception <a 'java/io/IOException'{0x000000008ae8bdd8}> (0x000000008ae8bdd8) 
thrown [t:\workspace\open\src\hotspot\share\prims\jni.cpp, line 516]
Event: 312.358 Thread 0x000002197e784fe0 Implicit null exception at 0x000002196a0d62ea to 0x000002196a0d5dc0
Event: 312.361 Thread 0x000002197e784fe0 Exception <a 'java/io/IOException'{0x000000008adc35b0}> (0x000000008adc35b0) 
thrown [t:\workspace\open\src\hotspot\share\prims\jni.cpp, line 516]

VM Operations (20 events):
Event: 310.132 Executing VM operation: G1CollectForAllocation
Event: 310.134 Executing VM operation: G1CollectForAllocation done
Event: 310.409 Executing VM operation: G1CollectForAllocation
Event: 310.410 Executing VM operation: G1CollectForAllocation done
Event: 310.611 Executing VM operation: G1CollectForAllocation
Event: 310.612 Executing VM operation: G1CollectForAllocation done
Event: 310.818 Executing VM operation: G1CollectForAllocation
Event: 310.820 Executing VM operation: G1CollectForAllocation done
Event: 311.044 Executing VM operation: G1CollectForAllocation
Event: 311.052 Executing VM operation: G1CollectForAllocation done
Event: 311.301 Executing VM operation: G1CollectForAllocation
Event: 311.303 Executing VM operation: G1CollectForAllocation done
Event: 311.582 Executing VM operation: G1CollectForAllocation
Event: 311.585 Executing VM operation: G1CollectForAllocation done
Event: 311.807 Executing VM operation: G1CollectForAllocation
Event: 311.809 Executing VM operation: G1CollectForAllocation done
Event: 312.038 Executing VM operation: G1CollectForAllocation
Event: 312.040 Executing VM operation: G1CollectForAllocation done
Event: 312.297 Executing VM operation: G1CollectForAllocation
Event: 312.300 Executing VM operation: G1CollectForAllocation done

Events (20 events):
Event: 301.523 Thread 0x00000219786757f0 flushing nmethod 0x0000021963a7c110
Event: 301.523 Thread 0x00000219786757f0 flushing nmethod 0x0000021963a8a110
Event: 301.523 Thread 0x00000219786757f0 flushing nmethod 0x0000021963a9d210
Event: 301.523 Thread 0x00000219786757f0 flushing nmethod 0x0000021963a9de10
Event: 301.523 Thread 0x00000219786757f0 flushing nmethod 0x0000021963aa2890
Event: 301.523 Thread 0x00000219786757f0 flushing nmethod 0x0000021963aa4e10
Event: 301.523 Thread 0x00000219786757f0 flushing nmethod 0x0000021963aa9690
Event: 301.523 Thread 0x00000219786757f0 flushing nmethod 0x0000021963aac890
Event: 301.523 Thread 0x00000219786757f0 flushing nmethod 0x0000021963ab0b90
Event: 301.523 Thread 0x00000219786757f0 flushing nmethod 0x0000021963ab5e10
Event: 301.523 Thread 0x00000219786757f0 flushing nmethod 0x0000021963abb410
Event: 301.523 Thread 0x00000219786757f0 flushing nmethod 0x0000021963abde90
Event: 301.523 Thread 0x00000219786757f0 flushing nmethod 0x0000021963ac0490
Event: 301.523 Thread 0x00000219786757f0 flushing nmethod 0x0000021963ad3710
Event: 301.523 Thread 0x00000219786757f0 flushing nmethod 0x0000021963adc990
Event: 301.523 Thread 0x00000219786757f0 flushing nmethod 0x0000021963adea10
Event: 301.523 Thread 0x00000219786757f0 flushing nmethod 0x0000021963ae8110
Event: 301.523 Thread 0x00000219786757f0 flushing nmethod 0x0000021963aeb010
Event: 301.523 Thread 0x00000219786757f0 flushing nmethod 0x0000021963aed190
Event: 303.628 Thread 0x00000219015aa960 Thread exited: 0x00000219015aa960


Dynamic libraries:
0x00007ff685900000 - 0x00007ff68590e000 	C:\Users\hater\.jdks\openjdk-17.0.2\bin\java.exe
0x00007ff993ed0000 - 0x00007ff9940c8000 	C:\Windows\SYSTEM32\ntdll.dll
0x00007ff991f00000 - 0x00007ff991fbd000 	C:\Windows\System32\KERNEL32.DLL
0x00007ff991880000 - 0x00007ff991b76000 	C:\Windows\System32\KERNELBASE.dll
0x00007ff991b80000 - 0x00007ff991c80000 	C:\Windows\System32\ucrtbase.dll
0x00007ff943330000 - 0x00007ff943348000 	C:\Users\hater\.jdks\openjdk-17.0.2\bin\jli.dll
0x00007ff9385c0000 - 0x00007ff9385da000 	C:\Users\hater\.jdks\openjdk-17.0.2\bin\VCRUNTIME140.dll
0x00007ff9932b0000 - 0x00007ff99344e000 	C:\Windows\System32\USER32.dll
0x00007ff976050000 - 0x00007ff9762ea000 	C:\Windows\WinSxS\amd64_microsoft.windows.common-controls_6595b64144ccf1df_6.0.19041.3636_none_60b6a03d71f818d5\COMCTL32.dll
0x00007ff991d10000 - 0x00007ff991d32000 	C:\Windows\System32\win32u.dll
0x00007ff993610000 - 0x00007ff9936ae000 	C:\Windows\System32\msvcrt.dll
0x00007ff9935c0000 - 0x00007ff9935eb000 	C:\Windows\System32\GDI32.dll
0x00007ff991580000 - 0x00007ff991697000 	C:\Windows\System32\gdi32full.dll
0x00007ff991d40000 - 0x00007ff991ddd000 	C:\Windows\System32\msvcp_win.dll
0x00007ff992bb0000 - 0x00007ff992be2000 	C:\Windows\System32\IMM32.DLL
0x00007ff975420000 - 0x00007ff97542c000 	C:\Users\hater\.jdks\openjdk-17.0.2\bin\vcruntime140_1.dll
0x00007ff901ee0000 - 0x00007ff901f6d000 	C:\Users\hater\.jdks\openjdk-17.0.2\bin\msvcp140.dll
0x00007ff8fd670000 - 0x00007ff8fe231000 	C:\Users\hater\.jdks\openjdk-17.0.2\bin\server\jvm.dll
0x00007ff993190000 - 0x00007ff993240000 	C:\Windows\System32\ADVAPI32.dll
0x00007ff993de0000 - 0x00007ff993e80000 	C:\Windows\System32\sechost.dll
0x00007ff992a10000 - 0x00007ff992b35000 	C:\Windows\System32\RPCRT4.dll
0x00007ff9916a0000 - 0x00007ff9916c7000 	C:\Windows\System32\bcrypt.dll
0x00007ff992ba0000 - 0x00007ff992ba8000 	C:\Windows\System32\PSAPI.DLL
0x00007ff9725c0000 - 0x00007ff9725e7000 	C:\Windows\SYSTEM32\WINMM.dll
0x00007ff98dfd0000 - 0x00007ff98dfd9000 	C:\Windows\SYSTEM32\WSOCK32.dll
0x00007ff986d40000 - 0x00007ff986d4a000 	C:\Windows\SYSTEM32\VERSION.dll
0x00007ff993240000 - 0x00007ff9932ab000 	C:\Windows\System32\WS2_32.dll
0x00007ff98fd80000 - 0x00007ff98fd92000 	C:\Windows\SYSTEM32\kernel.appcore.dll
0x00007ff9762f0000 - 0x00007ff9762fa000 	C:\Users\hater\.jdks\openjdk-17.0.2\bin\jimage.dll
0x00007ff98f170000 - 0x00007ff98f354000 	C:\Windows\SYSTEM32\DBGHELP.DLL
0x00007ff9798c0000 - 0x00007ff9798f4000 	C:\Windows\SYSTEM32\dbgcore.DLL
0x00007ff991c80000 - 0x00007ff991d02000 	C:\Windows\System32\bcryptPrimitives.dll
0x00007ff982330000 - 0x00007ff98233e000 	C:\Users\hater\.jdks\openjdk-17.0.2\bin\instrument.dll
0x00007ff907f90000 - 0x00007ff907fb5000 	C:\Users\hater\.jdks\openjdk-17.0.2\bin\java.dll
0x00007ff901cd0000 - 0x00007ff901da6000 	C:\Users\hater\.jdks\openjdk-17.0.2\bin\jsvml.dll
0x00007ff992220000 - 0x00007ff99298b000 	C:\Windows\System32\SHELL32.dll
0x00007ff98f5d0000 - 0x00007ff98fd6e000 	C:\Windows\SYSTEM32\windows.storage.dll
0x00007ff993770000 - 0x00007ff993ac3000 	C:\Windows\System32\combase.dll
0x00007ff990ed0000 - 0x00007ff990efe000 	C:\Windows\SYSTEM32\Wldp.dll
0x00007ff993d10000 - 0x00007ff993ddd000 	C:\Windows\System32\OLEAUT32.dll
0x00007ff993510000 - 0x00007ff9935bd000 	C:\Windows\System32\SHCORE.dll
0x00007ff992b40000 - 0x00007ff992b95000 	C:\Windows\System32\shlwapi.dll
0x00007ff9914b0000 - 0x00007ff9914d5000 	C:\Windows\SYSTEM32\profapi.dll
0x00007ff90c770000 - 0x00007ff90c788000 	C:\Users\hater\.jdks\openjdk-17.0.2\bin\zip.dll
0x00007ff936360000 - 0x00007ff936379000 	C:\Users\hater\.jdks\openjdk-17.0.2\bin\net.dll
0x00007ff98c790000 - 0x00007ff98c89a000 	C:\Windows\SYSTEM32\WINHTTP.dll
0x00007ff990cb0000 - 0x00007ff990d1a000 	C:\Windows\system32\mswsock.dll
0x00007ff90e2b0000 - 0x00007ff90e2c6000 	C:\Users\hater\.jdks\openjdk-17.0.2\bin\nio.dll
0x00007ff97c210000 - 0x00007ff97c22a000 	C:\Program Files\JetBrains\IntelliJ IDEA Community Edition 2021.3.1\bin\breakgen64.dll
0x00007ff97c2d0000 - 0x00007ff97c2de000 	C:\Users\hater\.jdks\openjdk-17.0.2\bin\sunmscapi.dll
0x00007ff9916d0000 - 0x00007ff99182d000 	C:\Windows\System32\CRYPT32.dll
0x00007ff991020000 - 0x00007ff991048000 	C:\Windows\SYSTEM32\ncrypt.dll
0x00007ff990fe0000 - 0x00007ff99101b000 	C:\Windows\SYSTEM32\NTASN1.dll
0x00007ff990f10000 - 0x00007ff990f28000 	C:\Windows\SYSTEM32\CRYPTSP.dll
0x00007ff990590000 - 0x00007ff9905c4000 	C:\Windows\system32\rsaenh.dll
0x00007ff991430000 - 0x00007ff99145e000 	C:\Windows\SYSTEM32\USERENV.dll
0x00007ff990e40000 - 0x00007ff990e4c000 	C:\Windows\SYSTEM32\CRYPTBASE.dll
0x00007ff990970000 - 0x00007ff9909ab000 	C:\Windows\SYSTEM32\IPHLPAPI.DLL
0x00007ff993e80000 - 0x00007ff993e88000 	C:\Windows\System32\NSI.dll
0x00007ff98acb0000 - 0x00007ff98acc7000 	C:\Windows\SYSTEM32\dhcpcsvc6.DLL
0x00007ff98ae70000 - 0x00007ff98ae8d000 	C:\Windows\SYSTEM32\dhcpcsvc.DLL
0x00007ff9909b0000 - 0x00007ff990a7b000 	C:\Windows\SYSTEM32\DNSAPI.dll
0x00007ff97c2f0000 - 0x00007ff97c2f9000 	C:\Users\hater\.jdks\openjdk-17.0.2\bin\management.dll
0x00007ff97c2e0000 - 0x00007ff97c2eb000 	C:\Users\hater\.jdks\openjdk-17.0.2\bin\management_ext.dll
0x00007ff96e550000 - 0x00007ff96e560000 	C:\Users\hater\.jdks\openjdk-17.0.2\bin\verify.dll
0x00007ff98aa60000 - 0x00007ff98aa6a000 	C:\Windows\System32\rasadhlp.dll
0x00007ff988e80000 - 0x00007ff988f00000 	C:\Windows\System32\fwpuclnt.dll
0x00007ff9771e0000 - 0x00007ff9771e7000 	C:\Windows\system32\wshunix.dll

dbghelp: loaded successfully - version: 4.0.5 - missing functions: none
symbol engine: initialized successfully - sym options: 0x614 - pdb path: .;C:\Users\hater\.jdks\openjdk-17.0.2\bin;C:\Windows\SYSTEM32;C:\Windows\WinSxS\amd64_microsoft.windows.common-controls_6595b64144ccf1df_6.0.19041.3636_none_60b6a03d71f818d5;C:\Users\hater\.jdks\openjdk-17.0.2\bin\server;C:\Program Files\JetBrains\IntelliJ IDEA Community Edition 2021.3.1\bin

VM Arguments:
jvm_args: -javaagent:C:\Program Files\JetBrains\IntelliJ IDEA Community Edition 2021.3.1\lib\idea_rt.jar=50557:C:\Program Files\JetBrains\IntelliJ IDEA Community Edition 2021.3.1\bin -Dfile.encoding=UTF-8 
java_command: feature.FeatureApplication
java_class_path (initial): C:\Users\hater\OneDrive\Desktop\IntelliJ IDEA\General Projects\Feature\target\classes;C:\Users\hater\.m2\repository\org\springframework\boot\spring-boot-starter-data-jpa\3.2.2\spring-boot-starter-data-jpa-3.2.2.jar;C:\Users\hater\.m2\repository\org\springframework\boot\spring-boot-starter-aop\3.2.2\spring-boot-starter-aop-3.2.2.jar;C:\Users\hater\.m2\repository\org\aspectj\aspectjweaver\1.9.21\aspectjweaver-1.9.21.jar;C:\Users\hater\.m2\repository\org\springframework\boot\spring-boot-starter-jdbc\3.2.2\spring-boot-starter-jdbc-3.2.2.jar;C:\Users\hater\.m2\repository\com\zaxxer\HikariCP\5.0.1\HikariCP-5.0.1.jar;C:\Users\hater\.m2\repository\org\springframework\spring-jdbc\6.1.3\spring-jdbc-6.1.3.jar;C:\Users\hater\.m2\repository\org\hibernate\orm\hibernate-core\6.4.1.Final\hibernate-core-6.4.1.Final.jar;C:\Users\hater\.m2\repository\jakarta\persistence\jakarta.persistence-api\3.1.0\jakarta.persistence-api-3.1.0.jar;C:\Users\hater\.m2\repository\jakarta\transaction\jakarta.transaction-api\2.0.1\jakarta.transaction-api-2.0.1.jar;C:\Users\hater\.m2\repository\org\jboss\logging\jboss-logging\3.5.3.Final\jboss-logging-3.5.3.Final.jar;C:\Users\hater\.m2\repository\org\hibernate\common\hibernate-commons-annotations\6.0.6.Final\hibernate-commons-annotations-6.0.6.Final.jar;C:\Users\hater\.m2\repository\io\smallrye\jandex\3.1.2\jandex-3.1.2.jar;C:\Users\hater\.m2\repository\com\fasterxml\classmate\1.6.0\classmate-1.6.0.jar;C:\Users\hater\.m2\repository\net\bytebuddy\byte-buddy\1.14.11\byte-buddy-1.14.11.jar;C:\Users\hater\.m2\repository\org\glassfish\jaxb\jaxb-runtime\4.0.4\jaxb-runtime-4.0.4.jar;C:\Users\hater\.m2\repository\org\glassfish\jaxb\jaxb-core\4.0.4\jaxb-core-4.0.4.jar;C:\Users\hater\.m2\repository\org\eclipse\angus\angus-activation\2.0.1\angus-activation-2.0.1.jar;C:\Users\hater\.m2\repository\org\glassfish\jaxb\txw2\4.0.4\txw2-4.0.4.jar;C:\Users\hater\.m2\repository\com\sun\istack\istack-commons-runtime\4.1.2\istack-commons-runtime-4.
Launcher Type: SUN_STANDARD

[Global flags]
     intx CICompilerCount                          = 4                                         {product} {ergonomic}
     uint ConcGCThreads                            = 2                                         {product} {ergonomic}
     uint G1ConcRefinementThreads                  = 8                                         {product} {ergonomic}
   size_t G1HeapRegionSize                         = 1048576                                   {product} {ergonomic}
    uintx GCDrainStackTargetSize                   = 64                                        {product} {ergonomic}
   size_t InitialHeapSize                          = 132120576                                 {product} {ergonomic}
   size_t MarkStackSize                            = 4194304                                   {product} {ergonomic}
   size_t MaxHeapSize                              = 2090860544                                {product} {ergonomic}
   size_t MaxNewSize                               = 1254096896                                {product} {ergonomic}
   size_t MinHeapDeltaBytes                        = 1048576                                   {product} {ergonomic}
   size_t MinHeapSize                              = 8388608                                   {product} {ergonomic}
    uintx NonNMethodCodeHeapSize                   = 5839372                                {pd product} {ergonomic}
    uintx NonProfiledCodeHeapSize                  = 122909434                              {pd product} {ergonomic}
    uintx ProfiledCodeHeapSize                     = 122909434                              {pd product} {ergonomic}
    uintx ReservedCodeCacheSize                    = 251658240                              {pd product} {ergonomic}
     bool SegmentedCodeCache                       = true                                      {product} {ergonomic}
   size_t SoftMaxHeapSize                          = 2090860544                             {manageable} {ergonomic}
     bool UseCompressedClassPointers               = true                           {product lp64_product} {ergonomic}
     bool UseCompressedOops                        = true                           {product lp64_product} {ergonomic}
     bool UseG1GC                                  = true                                      {product} {ergonomic}
     bool UseLargePagesIndividualAllocation        = false                                  {pd product} {ergonomic}

Logging:
Log output configuration:
 #0: stdout all=warning uptime,level,tags
 #1: stderr all=off uptime,level,tags

Environment Variables:
PATH=C:\Program Files\Common Files\Oracle\Java\javapath;C:\Program Files (x86)\Common Files\Oracle\Java\javapath;C:\Program Files (x86)\Razer Chroma SDK\bin;C:\Program Files\Razer Chroma SDK\bin;C:\Program Files (x86)\Razer\ChromaBroadcast\bin;C:\Program Files\Razer\ChromaBroadcast\bin;C:\Windows\system32;C:\Windows;C:\Windows\System32\Wbem;C:\Windows\System32\WindowsPowerShell\v1.0\;C:\Windows\System32\OpenSSH\;C:\Program Files\NVIDIA Corporation\NVIDIA NvDLISR;C:\Program Files (x86)\NVIDIA Corporation\PhysX\Common;C:\Windows\system32\config\systemprofile\AppData\Local\Microsoft\WindowsApps;C:\Program Files\dotnet\;C:\Program Files\Git\cmd;C:\Program Files\Docker\Docker\resources\bin;C:\Program Files (x86)\Windows Kits\10\Windows Performance Toolkit\;C:\Program Files\nodejs\;C:\Users\hater\AppData\Local\Microsoft\WindowsApps;C:\Users\hater\AppData\Local\Programs\Microsoft VS Code\bin;C:\Users\hater\AppData\Local\GitHubDesktop\bin;C:\msys64\ucrt64\bin;C:\Users\hater\AppData\Roaming\npm
USERNAME=hater
OS=Windows_NT
PROCESSOR_IDENTIFIER=Intel64 Family 6 Model 140 Stepping 1, GenuineIntel



---------------  S Y S T E M  ---------------

OS:
 Windows 10 , 64 bit Build 19041 (10.0.19041.3636)
OS uptime: 8 days 0:23 hours
Hyper-V role detected

CPU: total 8 (initial active 8) (4 cores per cpu, 2 threads per core) family 6 model 140 stepping 1 microcode 0x86, cx8, cmov, fxsr, ht, mmx, 3dnowpref, sse, sse2, sse3, ssse3, sse4.1, sse4.2, popcnt, lzcnt, tsc, tscinvbit, avx, avx2, aes, erms, clmul, bmi1, bmi2, adx, avx512f, avx512dq, avx512cd, avx512bw, avx512vl, sha, fma, vzeroupper, avx512_vpopcntdq, avx512_vpclmulqdq, avx512_vaes, avx512_vnni, clflush, clflushopt, clwb, avx512_vbmi2, avx512_vbmi, hv

Memory: 4k page, system-wide physical 7975M (704M free)
TotalPageFile size 32551M (AvailPageFile size 4M)
current process WorkingSet (physical memory assigned to process): 328M, peak: 352M
current process commit charge ("private bytes"): 373M, peak: 391M

vm_info: OpenJDK 64-Bit Server VM (17.0.2+8-86) for windows-amd64 JRE (17.0.2+8-86), built on Dec  7 2021 21:49:10 by "mach5one" with MS VC++ 16.8 / 16.9 (VS2019)

END.
